Performing C++ SOURCE FILE Test COMPILER_SUPPORT_Wshorten64to32 failed with the following output:
Change Dir: /home/bt308081/build/eigen-3.4.0/build/CMakeFiles/CMakeTmp

Run Build Command(s):/usr/bin/gmake -f Makefile cmTC_1fd7b/fast && /usr/bin/gmake  -f CMakeFiles/cmTC_1fd7b.dir/build.make CMakeFiles/cmTC_1fd7b.dir/build
gmake[1]: Entering directory '/home/bt308081/build/eigen-3.4.0/build/CMakeFiles/CMakeTmp'
Building CXX object CMakeFiles/cmTC_1fd7b.dir/src.cxx.o
/usr/bin/c++ -DCOMPILER_SUPPORT_Wshorten64to32  -std=c++03 -pedantic -Wall -Wextra -Wundef -Wcast-align -Wchar-subscripts -Wnon-virtual-dtor -Wunused-local-typedefs -Wpointer-arith -Wwrite-strings -Wformat-security -Werror   -Wshorten-64-to-32 -o CMakeFiles/cmTC_1fd7b.dir/src.cxx.o -c /home/bt308081/build/eigen-3.4.0/build/CMakeFiles/CMakeTmp/src.cxx
c++: error: unrecognized command-line option '-Wshorten-64-to-32'
gmake[1]: *** [CMakeFiles/cmTC_1fd7b.dir/build.make:78: CMakeFiles/cmTC_1fd7b.dir/src.cxx.o] Error 1
gmake[1]: Leaving directory '/home/bt308081/build/eigen-3.4.0/build/CMakeFiles/CMakeTmp'
gmake: *** [Makefile:127: cmTC_1fd7b/fast] Error 2


Source file was:
int main() { return 0; }
Performing C++ SOURCE FILE Test COMPILER_SUPPORT_Wcpp11extensions failed with the following output:
Change Dir: /home/bt308081/build/eigen-3.4.0/build/CMakeFiles/CMakeTmp

Run Build Command(s):/usr/bin/gmake -f Makefile cmTC_a795d/fast && /usr/bin/gmake  -f CMakeFiles/cmTC_a795d.dir/build.make CMakeFiles/cmTC_a795d.dir/build
gmake[1]: Entering directory '/home/bt308081/build/eigen-3.4.0/build/CMakeFiles/CMakeTmp'
Building CXX object CMakeFiles/cmTC_a795d.dir/src.cxx.o
/usr/bin/c++ -DCOMPILER_SUPPORT_Wcpp11extensions  -std=c++03 -pedantic -Wall -Wextra -Wundef -Wcast-align -Wchar-subscripts -Wnon-virtual-dtor -Wunused-local-typedefs -Wpointer-arith -Wwrite-strings -Wformat-security -Wlogical-op -Wenum-conversion -Werror   -Wc++11-extensions -o CMakeFiles/cmTC_a795d.dir/src.cxx.o -c /home/bt308081/build/eigen-3.4.0/build/CMakeFiles/CMakeTmp/src.cxx
c++: error: unrecognized command-line option '-Wc++11-extensions'; did you mean '-fms-extensions'?
gmake[1]: *** [CMakeFiles/cmTC_a795d.dir/build.make:78: CMakeFiles/cmTC_a795d.dir/src.cxx.o] Error 1
gmake[1]: Leaving directory '/home/bt308081/build/eigen-3.4.0/build/CMakeFiles/CMakeTmp'
gmake: *** [Makefile:127: cmTC_a795d/fast] Error 2


Source file was:
int main() { return 0; }
Performing C++ SOURCE FILE Test COMPILER_SUPPORT_wd981 failed with the following output:
Change Dir: /home/bt308081/build/eigen-3.4.0/build/CMakeFiles/CMakeTmp

Run Build Command(s):/usr/bin/gmake -f Makefile cmTC_f2263/fast && /usr/bin/gmake  -f CMakeFiles/cmTC_f2263.dir/build.make CMakeFiles/cmTC_f2263.dir/build
gmake[1]: Entering directory '/home/bt308081/build/eigen-3.4.0/build/CMakeFiles/CMakeTmp'
Building CXX object CMakeFiles/cmTC_f2263.dir/src.cxx.o
/usr/bin/c++ -DCOMPILER_SUPPORT_wd981  -std=c++03 -pedantic -Wall -Wextra -Wundef -Wcast-align -Wchar-subscripts -Wnon-virtual-dtor -Wunused-local-typedefs -Wpointer-arith -Wwrite-strings -Wformat-security -Wlogical-op -Wenum-conversion -Wdouble-promotion -Wshadow -Wno-psabi -Wno-variadic-macros -Wno-long-long -fno-check-new -fno-common -fstrict-aliasing -Werror   -wd981 -o CMakeFiles/cmTC_f2263.dir/src.cxx.o -c /home/bt308081/build/eigen-3.4.0/build/CMakeFiles/CMakeTmp/src.cxx
c++: error: unrecognized command-line option '-wd981'
gmake[1]: *** [CMakeFiles/cmTC_f2263.dir/build.make:78: CMakeFiles/cmTC_f2263.dir/src.cxx.o] Error 1
gmake[1]: Leaving directory '/home/bt308081/build/eigen-3.4.0/build/CMakeFiles/CMakeTmp'
gmake: *** [Makefile:127: cmTC_f2263/fast] Error 2


Source file was:
int main() { return 0; }
Performing C++ SOURCE FILE Test COMPILER_SUPPORT_wd2304 failed with the following output:
Change Dir: /home/bt308081/build/eigen-3.4.0/build/CMakeFiles/CMakeTmp

Run Build Command(s):/usr/bin/gmake -f Makefile cmTC_add1e/fast && /usr/bin/gmake  -f CMakeFiles/cmTC_add1e.dir/build.make CMakeFiles/cmTC_add1e.dir/build
gmake[1]: Entering directory '/home/bt308081/build/eigen-3.4.0/build/CMakeFiles/CMakeTmp'
Building CXX object CMakeFiles/cmTC_add1e.dir/src.cxx.o
/usr/bin/c++ -DCOMPILER_SUPPORT_wd2304  -std=c++03 -pedantic -Wall -Wextra -Wundef -Wcast-align -Wchar-subscripts -Wnon-virtual-dtor -Wunused-local-typedefs -Wpointer-arith -Wwrite-strings -Wformat-security -Wlogical-op -Wenum-conversion -Wdouble-promotion -Wshadow -Wno-psabi -Wno-variadic-macros -Wno-long-long -fno-check-new -fno-common -fstrict-aliasing -Werror   -wd2304 -o CMakeFiles/cmTC_add1e.dir/src.cxx.o -c /home/bt308081/build/eigen-3.4.0/build/CMakeFiles/CMakeTmp/src.cxx
c++: error: unrecognized command-line option '-wd2304'
gmake[1]: *** [CMakeFiles/cmTC_add1e.dir/build.make:78: CMakeFiles/cmTC_add1e.dir/src.cxx.o] Error 1
gmake[1]: Leaving directory '/home/bt308081/build/eigen-3.4.0/build/CMakeFiles/CMakeTmp'
gmake: *** [Makefile:127: cmTC_add1e/fast] Error 2


Source file was:
int main() { return 0; }
Performing C++ SOURCE FILE Test COMPILER_SUPPORT_STRICTANSI failed with the following output:
Change Dir: /home/bt308081/build/eigen-3.4.0/build/CMakeFiles/CMakeTmp

Run Build Command(s):/usr/bin/gmake -f Makefile cmTC_f9486/fast && /usr/bin/gmake  -f CMakeFiles/cmTC_f9486.dir/build.make CMakeFiles/cmTC_f9486.dir/build
gmake[1]: Entering directory '/home/bt308081/build/eigen-3.4.0/build/CMakeFiles/CMakeTmp'
Building CXX object CMakeFiles/cmTC_f9486.dir/src.cxx.o
/usr/bin/c++ -DCOMPILER_SUPPORT_STRICTANSI  -std=c++03 -pedantic -Wall -Wextra -Wundef -Wcast-align -Wchar-subscripts -Wnon-virtual-dtor -Wunused-local-typedefs -Wpointer-arith -Wwrite-strings -Wformat-security -Wlogical-op -Wenum-conversion -Wdouble-promotion -Wshadow -Wno-psabi -Wno-variadic-macros -Wno-long-long -fno-check-new -fno-common -fstrict-aliasing -Werror   -strict-ansi -o CMakeFiles/cmTC_f9486.dir/src.cxx.o -c /home/bt308081/build/eigen-3.4.0/build/CMakeFiles/CMakeTmp/src.cxx
c++: error: unrecognized command-line option '-strict-ansi'; did you mean '-fstrict-enums'?
gmake[1]: *** [CMakeFiles/cmTC_f9486.dir/build.make:78: CMakeFiles/cmTC_f9486.dir/src.cxx.o] Error 1
gmake[1]: Leaving directory '/home/bt308081/build/eigen-3.4.0/build/CMakeFiles/CMakeTmp'
gmake: *** [Makefile:127: cmTC_f9486/fast] Error 2


Source file was:
int main() { return 0; }
Performing C++ SOURCE FILE Test COMPILER_SUPPORT_Qunusedarguments failed with the following output:
Change Dir: /home/bt308081/build/eigen-3.4.0/build/CMakeFiles/CMakeTmp

Run Build Command(s):/usr/bin/gmake -f Makefile cmTC_8febd/fast && /usr/bin/gmake  -f CMakeFiles/cmTC_8febd.dir/build.make CMakeFiles/cmTC_8febd.dir/build
gmake[1]: Entering directory '/home/bt308081/build/eigen-3.4.0/build/CMakeFiles/CMakeTmp'
Building CXX object CMakeFiles/cmTC_8febd.dir/src.cxx.o
/usr/bin/c++ -DCOMPILER_SUPPORT_Qunusedarguments  -std=c++03 -pedantic -Wall -Wextra -Wundef -Wcast-align -Wchar-subscripts -Wnon-virtual-dtor -Wunused-local-typedefs -Wpointer-arith -Wwrite-strings -Wformat-security -Wlogical-op -Wenum-conversion -Wdouble-promotion -Wshadow -Wno-psabi -Wno-variadic-macros -Wno-long-long -fno-check-new -fno-common -fstrict-aliasing -Werror   -Qunused-arguments -o CMakeFiles/cmTC_8febd.dir/src.cxx.o -c /home/bt308081/build/eigen-3.4.0/build/CMakeFiles/CMakeTmp/src.cxx
c++: error: unrecognized command-line option '-Qunused-arguments'
gmake[1]: *** [CMakeFiles/cmTC_8febd.dir/build.make:78: CMakeFiles/cmTC_8febd.dir/src.cxx.o] Error 1
gmake[1]: Leaving directory '/home/bt308081/build/eigen-3.4.0/build/CMakeFiles/CMakeTmp'
gmake: *** [Makefile:127: cmTC_8febd/fast] Error 2


Source file was:
int main() { return 0; }
